#
# A fatal error has been detected by the Java Runtime Environment:
#
#  EXCEPTION_ACCESS_VIOLATION (0xc0000005) at pc=0x00007ffd0ee66aa7, pid=13148, tid=0x0000000000004d94
#
# JRE version: Java(TM) SE Runtime Environment (8.0_311-b11) (build 1.8.0_311-b11)
# Java VM: Java HotSpot(TM) 64-Bit Server VM (25.311-b11 mixed mode windows-amd64 compressed oops)
# Problematic frame:
# C  [glass.dll+0x26aa7]
#
# Failed to write core dump. Minidumps are not enabled by default on client versions of Windows
#
# If you would like to submit a bug report, please visit:
#   http://bugreport.java.com/bugreport/crash.jsp
#

---------------  T H R E A D  ---------------

Current thread (0x000001f5e0e4d000):  VMThread [stack: 0x0000004e68500000,0x0000004e68600000] [id=19860]

siginfo: ExceptionCode=0xc0000005, reading address 0x0000000000000000

Registers:
RAX=0x0000000000000000, RBX=0x000001f5e38ab120, RCX=0x000001f5e0e4d000, RDX=0x0000000077981748
RSP=0x0000004e685fee90, RBP=0x000001f5e382d008, RSI=0x000001f5e382cfe0, RDI=0x000095ec95ef2f0e
R8 =0x0000000000010002, R9 =0x000095ec95ef2f0e, R10=0x0000000000008000, R11=0x0000004e685fee20
R12=0x00007ffd0ee64374, R13=0x000001f5e0c56210, R14=0x0000004e685fef88, R15=0x000001f5e382cfe0
RIP=0x00007ffd0ee66aa7, EFLAGS=0x0000000000010206

Top of Stack: (sp=0x0000004e685fee90)
0x0000004e685fee90:   0000000000000000 000001f5e382cfe0
0x0000004e685feea0:   000001f5e0c56210 00007ffd0ee64374
0x0000004e685feeb0:   000001f5e382cfe8 00007ffd2afb42d6
0x0000004e685feec0:   000095ec95ef2f0e 000001f500000000
0x0000004e685feed0:   000001f5e382d008 000001f5e382cfe0
0x0000004e685feee0:   fffffffffffffffe 0000000000000000
0x0000004e685feef0:   0000000000000001 00007ffd0ee40000
0x0000004e685fef00:   0000004e685fef78 00007ffd2afb41fb
0x0000004e685fef10:   0000000000000000 0000004e685fef88
0x0000004e685fef20:   0000004e685ff250 00007ffd2b090e40
0x0000004e685fef30:   0000000000000001 00007ffd2afb41b4
0x0000004e685fef40:   0000000000000000 0000000000000001
0x0000004e685fef50:   0000000000000000 0000004e685fef78
0x0000004e685fef60:   00007ffd2aeeb000 00007ffd0ee64201
0x0000004e685fef70:   00007ffd0ee7a138 00007ffd00000002
0x0000004e685fef80:   00007ffd00000002 0000004e685fef70 

Instructions: (pc=0x00007ffd0ee66aa7)
0x00007ffd0ee66a87:   cc cc cc cc cc cc cc cc cc 40 53 48 83 ec 20 48
0x00007ffd0ee66a97:   8b 1d 93 30 01 00 48 85 db 74 16 e8 b9 8b ff ff
0x00007ffd0ee66aa7:   4c 8b 00 48 8b d3 48 8b c8 41 ff 90 b0 00 00 00
0x00007ffd0ee66ab7:   90 48 83 c4 20 5b c3 cc cc 40 53 48 83 ec 20 48 


Register to memory mapping:

RAX=0x0000000000000000 is an unknown value
RBX=0x000001f5e38ab120 is a global jni handle
RCX=0x000001f5e0e4d000 is an unknown value
RDX=0x0000000077981748 is an unknown value
RSP=0x0000004e685fee90 is an unknown value
RBP=0x000001f5e382d008 is an unknown value
RSI=0x000001f5e382cfe0 is an unknown value
RDI=0x000095ec95ef2f0e is an unknown value
R8 =0x0000000000010002 is an unknown value
R9 =0x000095ec95ef2f0e is an unknown value
R10=0x0000000000008000 is an unknown value
R11=0x0000004e685fee20 is an unknown value
R12=0x00007ffd0ee64374 is an unknown value
R13=0x000001f5e0c56210 is an unknown value
R14=0x0000004e685fef88 is an unknown value
R15=0x000001f5e382cfe0 is an unknown value


Stack: [0x0000004e68500000,0x0000004e68600000],  sp=0x0000004e685fee90,  free space=1019k
Native frames: (J=compiled Java code, j=interpreted, Vv=VM code, C=native code)
C  [glass.dll+0x26aa7]
C  [ucrtbase.dll+0x142d6]
C  [ucrtbase.dll+0x141fb]
C  [ucrtbase.dll+0x141b4]
C  [glass.dll+0x24201]
C  [glass.dll+0x24326]
C  [ntdll.dll+0x19a1d]
C  [ntdll.dll+0x5db91]
C  [ntdll.dll+0x5da2d]
C  [KERNEL32.DLL+0x1e0ab]
C  [ucrtbase.dll+0x205bc]
C  [ucrtbase.dll+0x2045f]
V  [jvm.dll+0x20aa55]
V  [jvm.dll+0x245756]
V  [jvm.dll+0x245cb7]
V  [jvm.dll+0x244425]
V  [jvm.dll+0x244b9c]
V  [jvm.dll+0x244eac]
V  [jvm.dll+0x29253c]
C  [ucrtbase.dll+0x21bb2]
C  [KERNEL32.DLL+0x17034]
C  [ntdll.dll+0x52651]

VM_Operation (0x0000004e677feca0): Exit, mode: safepoint, requested by thread 0x000001f5e9657800


---------------  P R O C E S S  ---------------

Java Threads: ( => current thread )
  0x000001f5e9657800 JavaThread "SIGINT handler" daemon [_thread_blocked, id=17068, stack(0x0000004e67700000,0x0000004e67800000)]
  0x000001f5e90d4800 JavaThread "Disposer" daemon [_thread_blocked, id=7568, stack(0x0000004e69b00000,0x0000004e69c00000)]
  0x000001f5e9155000 JavaThread "Prism Font Disposer" daemon [_thread_blocked, id=20980, stack(0x0000004e69900000,0x0000004e69a00000)]
  0x000001f5e3af9000 JavaThread "Thread-3" daemon [_thread_in_native, id=1704, stack(0x0000004e69700000,0x0000004e69800000)]
  0x000001f5e3ac4800 JavaThread "JavaFX-Launcher" [_thread_blocked, id=15308, stack(0x0000004e69800000,0x0000004e69900000)]
  0x000001f5e38a4800 JavaThread "JavaFX Application Thread" [_thread_in_native, id=9992, stack(0x0000004e69300000,0x0000004e69400000)]
  0x000001f5e389a800 JavaThread "Thread-1" daemon [_thread_blocked, id=17780, stack(0x0000004e69200000,0x0000004e69300000)]
  0x000001f5e380d000 JavaThread "QuantumRenderer-0" daemon [_thread_blocked, id=4812, stack(0x0000004e69100000,0x0000004e69200000)]
  0x000001f5e0edc000 JavaThread "Service Thread" daemon [_thread_blocked, id=11940, stack(0x0000004e68f00000,0x0000004e69000000)]
  0x000001f5e33dc000 JavaThread "C1 CompilerThread3" daemon [_thread_blocked, id=13088, stack(0x0000004e68e00000,0x0000004e68f00000)]
  0x000001f5e33da800 JavaThread "C2 CompilerThread2" daemon [_thread_blocked, id=2772, stack(0x0000004e68d00000,0x0000004e68e00000)]
  0x000001f5e33d6000 JavaThread "C2 CompilerThread1" daemon [_thread_blocked, id=7300, stack(0x0000004e68c00000,0x0000004e68d00000)]
  0x000001f5e33d4000 JavaThread "C2 CompilerThread0" daemon [_thread_blocked, id=14928, stack(0x0000004e68b00000,0x0000004e68c00000)]
  0x000001f5e33d2800 JavaThread "Monitor Ctrl-Break" daemon [_thread_in_native, id=17684, stack(0x0000004e68a00000,0x0000004e68b00000)]
  0x000001f5e0ea6000 JavaThread "Attach Listener" daemon [_thread_blocked, id=19284, stack(0x0000004e68900000,0x0000004e68a00000)]
  0x000001f5e0ea5800 JavaThread "Signal Dispatcher" daemon [_thread_blocked, id=15296, stack(0x0000004e68800000,0x0000004e68900000)]
  0x000001f5e0e7f800 JavaThread "Finalizer" daemon [_thread_blocked, id=6428, stack(0x0000004e68700000,0x0000004e68800000)]
  0x000001f5e0e75000 JavaThread "Reference Handler" daemon [_thread_blocked, id=17908, stack(0x0000004e68600000,0x0000004e68700000)]
  0x000001f5bcc3a000 JavaThread "main" [_thread_blocked, id=13780, stack(0x0000004e67a00000,0x0000004e67b00000)]

Other Threads:
=>0x000001f5e0e4d000 VMThread [stack: 0x0000004e68500000,0x0000004e68600000] [id=19860]

VM state:at safepoint (shutting down)

VM Mutex/Monitor currently owned by a thread:  ([mutex/lock_event])
[0x000001f5bcc37650] Threads_lock - owner thread: 0x000001f5e0e4d000

heap address: 0x00000005c3600000, size: 8138 MB, Compressed Oops mode: Zero based, Oop shift amount: 3
Narrow klass base: 0x0000000000000000, Narrow klass shift: 3
Compressed class space size: 1073741824 Address: 0x00000007c0000000

Heap:
 PSYoungGen      total 152576K, used 76360K [0x0000000716780000, 0x0000000722400000, 0x00000007c0000000)
  eden space 131072K, 47% used [0x0000000716780000,0x000000071a3f3d68,0x000000071e780000)
  from space 21504K, 67% used [0x000000071fc80000,0x0000000720a9e600,0x0000000721180000)
  to   space 21504K, 0% used [0x000000071e780000,0x000000071e780000,0x000000071fc80000)
 ParOldGen       total 241152K, used 6744K [0x00000005c3600000, 0x00000005d2180000, 0x0000000716780000)
  object space 241152K, 2% used [0x00000005c3600000,0x00000005c3c961e0,0x00000005d2180000)
 Metaspace       used 31040K, capacity 32740K, committed 33024K, reserved 1077248K
  class space    used 4211K, capacity 4523K, committed 4608K, reserved 1048576K

Card table byte_map: [0x000001f5cda70000,0x000001f5cea60000] byte_map_base: 0x000001f5cac55000

Marking Bits: (ParMarkBitMap*) 0x0000000077b78030
 Begin Bits: [0x000001f5cf500000, 0x000001f5d7428000)
 End Bits:   [0x000001f5d7428000, 0x000001f5df350000)

Polling page: 0x000001f5be680000

CodeCache: size=245760Kb used=17794Kb max_used=17835Kb free=227965Kb
 bounds [0x000001f5be6b0000, 0x000001f5bf870000, 0x000001f5cd6b0000]
 total_blobs=6188 nmethods=5348 adapters=751
 compilation: enabled

Compilation events (10 events):
Event: 27.841 Thread 0x000001f5e33d4000 nmethod 5895 0x000001f5bef4e250 code [0x000001f5bef4e500, 0x000001f5bef50dd0]
Event: 28.213 Thread 0x000001f5e33dc000 5938       1       com.sun.javafx.event.BasicEventDispatcher::dispatchBubblingEvent (2 bytes)
Event: 28.213 Thread 0x000001f5e33dc000 nmethod 5938 0x000001f5bef4df90 code [0x000001f5bef4e0e0, 0x000001f5bef4e1f8]
Event: 38.831 Thread 0x000001f5e33dc000 5939       1       javafx.scene.input.KeyCode::impl_getCode (5 bytes)
Event: 38.831 Thread 0x000001f5e33dc000 nmethod 5939 0x000001f5bef4dcd0 code [0x000001f5bef4de20, 0x000001f5bef4df38]
Event: 83.214 Thread 0x000001f5e33d6000 5940       4       com.sun.javafx.tk.quantum.QuantumToolkit::postPulse (175 bytes)
Event: 83.224 Thread 0x000001f5e33d6000 nmethod 5940 0x000001f5bec89150 code [0x000001f5bec89380, 0x000001f5bec89f20]
Event: 86.287 Thread 0x000001f5e33da800 5941       4       com.sun.javafx.tk.quantum.QuantumToolkit$$Lambda$43/1521861043::run (8 bytes)
Event: 86.287 Thread 0x000001f5e33da800 nmethod 5941 0x000001f5bea300d0 code [0x000001f5bea30220, 0x000001f5bea302f8]
Event: 214.854 Thread 0x000001f5e33dc000 5942   !   3       java.util.logging.LogManager::ensureLogManagerInitialized (128 bytes)

GC Heap History (6 events):
Event: 0.957 GC heap before
{Heap before GC invocations=1 (full 0):
 PSYoungGen      total 152576K, used 76077K [0x0000000716780000, 0x0000000721180000, 0x00000007c0000000)
  eden space 131072K, 58% used [0x0000000716780000,0x000000071b1cb558,0x000000071e780000)
  from space 21504K, 0% used [0x000000071fc80000,0x000000071fc80000,0x0000000721180000)
  to   space 21504K, 0% used [0x000000071e780000,0x000000071e780000,0x000000071fc80000)
 ParOldGen       total 348160K, used 0K [0x00000005c3600000, 0x00000005d8a00000, 0x0000000716780000)
  object space 348160K, 0% used [0x00000005c3600000,0x00000005c3600000,0x00000005d8a00000)
 Metaspace       used 20120K, capacity 21090K, committed 21248K, reserved 1067008K
  class space    used 2989K, capacity 3222K, committed 3328K, reserved 1048576K
Event: 0.963 GC heap after
Heap after GC invocations=1 (full 0):
 PSYoungGen      total 152576K, used 6853K [0x0000000716780000, 0x0000000721180000, 0x00000007c0000000)
  eden space 131072K, 0% used [0x0000000716780000,0x0000000716780000,0x000000071e780000)
  from space 21504K, 31% used [0x000000071e780000,0x000000071ee31520,0x000000071fc80000)
  to   space 21504K, 0% used [0x000000071fc80000,0x000000071fc80000,0x0000000721180000)
 ParOldGen       total 348160K, used 88K [0x00000005c3600000, 0x00000005d8a00000, 0x0000000716780000)
  object space 348160K, 0% used [0x00000005c3600000,0x00000005c3616010,0x00000005d8a00000)
 Metaspace       used 20120K, capacity 21090K, committed 21248K, reserved 1067008K
  class space    used 2989K, capacity 3222K, committed 3328K, reserved 1048576K
}
Event: 0.963 GC heap before
{Heap before GC invocations=2 (full 1):
 PSYoungGen      total 152576K, used 6853K [0x0000000716780000, 0x0000000721180000, 0x00000007c0000000)
  eden space 131072K, 0% used [0x0000000716780000,0x0000000716780000,0x000000071e780000)
  from space 21504K, 31% used [0x000000071e780000,0x000000071ee31520,0x000000071fc80000)
  to   space 21504K, 0% used [0x000000071fc80000,0x000000071fc80000,0x0000000721180000)
 ParOldGen       total 348160K, used 88K [0x00000005c3600000, 0x00000005d8a00000, 0x0000000716780000)
  object space 348160K, 0% used [0x00000005c3600000,0x00000005c3616010,0x00000005d8a00000)
 Metaspace       used 20120K, capacity 21090K, committed 21248K, reserved 1067008K
  class space    used 2989K, capacity 3222K, committed 3328K, reserved 1048576K
Event: 0.982 GC heap after
Heap after GC invocations=2 (full 1):
 PSYoungGen      total 152576K, used 0K [0x0000000716780000, 0x0000000721180000, 0x00000007c0000000)
  eden space 131072K, 0% used [0x0000000716780000,0x0000000716780000,0x000000071e780000)
  from space 21504K, 0% used [0x000000071e780000,0x000000071e780000,0x000000071fc80000)
  to   space 21504K, 0% used [0x000000071fc80000,0x000000071fc80000,0x0000000721180000)
 ParOldGen       total 241152K, used 6728K [0x00000005c3600000, 0x00000005d2180000, 0x0000000716780000)
  object space 241152K, 2% used [0x00000005c3600000,0x00000005c3c921e0,0x00000005d2180000)
 Metaspace       used 20120K, capacity 21090K, committed 21248K, reserved 1067008K
  class space    used 2989K, capacity 3222K, committed 3328K, reserved 1048576K
}
Event: 6.269 GC heap before
{Heap before GC invocations=3 (full 1):
 PSYoungGen      total 152576K, used 131072K [0x0000000716780000, 0x0000000721180000, 0x00000007c0000000)
  eden space 131072K, 100% used [0x0000000716780000,0x000000071e780000,0x000000071e780000)
  from space 21504K, 0% used [0x000000071e780000,0x000000071e780000,0x000000071fc80000)
  to   space 21504K, 0% used [0x000000071fc80000,0x000000071fc80000,0x0000000721180000)
 ParOldGen       total 241152K, used 6728K [0x00000005c3600000, 0x00000005d2180000, 0x0000000716780000)
  object space 241152K, 2% used [0x00000005c3600000,0x00000005c3c921e0,0x00000005d2180000)
 Metaspace       used 30062K, capacity 31678K, committed 32000K, reserved 1077248K
  class space    used 4188K, capacity 4490K, committed 4608K, reserved 1048576K
Event: 6.276 GC heap after
Heap after GC invocations=3 (full 1):
 PSYoungGen      total 152576K, used 14457K [0x0000000716780000, 0x0000000722400000, 0x00000007c0000000)
  eden space 131072K, 0% used [0x0000000716780000,0x0000000716780000,0x000000071e780000)
  from space 21504K, 67% used [0x000000071fc80000,0x0000000720a9e600,0x0000000721180000)
  to   space 21504K, 0% used [0x000000071e780000,0x000000071e780000,0x000000071fc80000)
 ParOldGen       total 241152K, used 6744K [0x00000005c3600000, 0x00000005d2180000, 0x0000000716780000)
  object space 241152K, 2% used [0x00000005c3600000,0x00000005c3c961e0,0x00000005d2180000)
 Metaspace       used 30062K, capacity 31678K, committed 32000K, reserved 1077248K
  class space    used 4188K, capacity 4490K, committed 4608K, reserved 1048576K
}

Deoptimization events (10 events):
Event: 10.418 Thread 0x000001f5e38a4800 Uncommon trap: reason=array_check action=maybe_recompile pc=0x000001f5bf565548 method=com.sun.javafx.css.CompoundSelector.applies(Ljavafx/css/Styleable;[Ljava/util/Set;I)Z @ 128
Event: 10.418 Thread 0x000001f5e38a4800 Uncommon trap: reason=array_check action=maybe_recompile pc=0x000001f5bf565548 method=com.sun.javafx.css.CompoundSelector.applies(Ljavafx/css/Styleable;[Ljava/util/Set;I)Z @ 128
Event: 10.418 Thread 0x000001f5e38a4800 Uncommon trap: reason=array_check action=maybe_recompile pc=0x000001f5bf565548 method=com.sun.javafx.css.CompoundSelector.applies(Ljavafx/css/Styleable;[Ljava/util/Set;I)Z @ 128
Event: 10.418 Thread 0x000001f5e38a4800 Uncommon trap: reason=array_check action=maybe_recompile pc=0x000001f5bf565548 method=com.sun.javafx.css.CompoundSelector.applies(Ljavafx/css/Styleable;[Ljava/util/Set;I)Z @ 128
Event: 12.287 Thread 0x000001f5e380d000 Uncommon trap: reason=unstable_if action=reinterpret pc=0x000001f5bf373e60 method=java.lang.Math.round(F)I @ 23
Event: 13.486 Thread 0x000001f5e38a4800 Uncommon trap: reason=unstable_if action=reinterpret pc=0x000001f5bf3ef1b4 method=javafx.scene.Node.impl_intersectsBounds(Lcom/sun/javafx/geom/PickRay;)D @ 902
Event: 14.317 Thread 0x000001f5e38a4800 Uncommon trap: reason=unstable_if action=reinterpret pc=0x000001f5bee970dc method=java.lang.ThreadLocal$ThreadLocalMap.getEntry(Ljava/lang/ThreadLocal;)Ljava/lang/ThreadLocal$ThreadLocalMap$Entry; @ 29
Event: 14.317 Thread 0x000001f5e38a4800 Uncommon trap: reason=unstable_if action=reinterpret pc=0x000001f5bf5a914c method=java.lang.ThreadLocal$ThreadLocalMap.getEntry(Ljava/lang/ThreadLocal;)Ljava/lang/ThreadLocal$ThreadLocalMap$Entry; @ 29
Event: 16.162 Thread 0x000001f5e380d000 Uncommon trap: reason=unstable_if action=reinterpret pc=0x000001f5bf361078 method=java.lang.Math.round(F)I @ 23
Event: 214.853 Thread 0x000001f5e0ea5800 Uncommon trap: reason=bimorphic action=maybe_recompile pc=0x000001f5be850070 method=java.util.Hashtable.get(Ljava/lang/Object;)Ljava/lang/Object; @ 6

Classes redefined (0 events):
No events

Internal exceptions (10 events):
Event: 0.656 Thread 0x000001f5e38a4800 Implicit null exception at 0x000001f5bea103f5 to 0x000001f5bea10625
Event: 0.656 Thread 0x000001f5e38a4800 Implicit null exception at 0x000001f5bea4f7d8 to 0x000001f5bea4f866
Event: 1.576 Thread 0x000001f5e38a4800 Exception <a 'java/lang/NoSuchMethodError': org.slf4j.impl.StaticMDCBinder.getSingleton()Lorg/slf4j/impl/StaticMDCBinder;> (0x00000007177bea20) thrown at [C:\jenkins\workspace\8-2-build-windows-amd64-cygwin\jdk8u311\1894\hotspot\src\share\vm\interpreter\l
Event: 1.843 Thread 0x000001f5e38a4800 Exception <a 'java/lang/ClassNotFoundException': sun/net/www/protocol/about/Handler> (0x00000007178e5420) thrown at [C:\jenkins\workspace\8-2-build-windows-amd64-cygwin\jdk8u311\1894\hotspot\src\share\vm\classfile\systemDictionary.cpp, line 212]
Event: 6.229 Thread 0x000001f5e38a4800 Exception <a 'java/lang/NoSuchMethodError': java.lang.Object.lambda$comparing$77a9974f$1(Ljava/util/function/Function;Ljava/lang/Object;Ljava/lang/Object;)I> (0x000000071e32e3e0) thrown at [C:\jenkins\workspace\8-2-build-windows-amd64-cygwin\jdk8u311\1894
Event: 6.229 Thread 0x000001f5e38a4800 Exception <a 'java/lang/NoSuchMethodError': java.lang.Object.lambda$minBy$0(Ljava/util/Comparator;Ljava/lang/Object;Ljava/lang/Object;)Ljava/lang/Object;> (0x000000071e333230) thrown at [C:\jenkins\workspace\8-2-build-windows-amd64-cygwin\jdk8u311\1894\ho
Event: 6.230 Thread 0x000001f5e38a4800 Exception <a 'java/lang/NoSuchMethodError': java.lang.Object.lambda$maxBy$1(Ljava/util/Comparator;Ljava/lang/Object;Ljava/lang/Object;)Ljava/lang/Object;> (0x000000071e33b588) thrown at [C:\jenkins\workspace\8-2-build-windows-amd64-cygwin\jdk8u311\1894\ho
Event: 6.235 Thread 0x000001f5e38a4800 Exception <a 'java/lang/NoSuchMethodError': java.lang.Object.lambda$comparingInt$7b0bb60$1(Ljava/util/function/ToIntFunction;Ljava/lang/Object;Ljava/lang/Object;)I> (0x000000071e388e18) thrown at [C:\jenkins\workspace\8-2-build-windows-amd64-cygwin\jdk8u3
Event: 6.253 Thread 0x000001f5e38a4800 Implicit null exception at 0x000001f5bec19fdf to 0x000001f5bec1a48d
Event: 214.855 Thread 0x000001f5e9656800 Exception <a 'java/lang/IllegalStateException'> (0x000000071a39cc98) thrown at [C:\jenkins\workspace\8-2-build-windows-amd64-cygwin\jdk8u311\1894\hotspot\src\share\vm\prims\jvm.cpp, line 1527]

Events (10 events):
Event: 214.854 loading class java/util/IdentityHashMap$KeyIterator done
Event: 214.854 Thread 0x000001f5e9656800 Thread added: 0x000001f5e9656800
Event: 214.854 Thread 0x000001f5e965c000 Thread added: 0x000001f5e965c000
Event: 214.854 loading class com/sun/javafx/tk/quantum/QuantumRenderer
Event: 214.854 loading class com/sun/javafx/tk/quantum/QuantumRenderer done
Event: 214.854 Thread 0x000001f5e965c000 Thread exited: 0x000001f5e965c000
Event: 214.855 loading class com/sun/javafx/tk/quantum/QuantumToolkit
Event: 214.855 loading class com/sun/javafx/tk/quantum/QuantumToolkit done
Event: 214.855 Thread 0x000001f5e9656800 Thread exited: 0x000001f5e9656800
Event: 214.855 Executing VM operation: Exit


Dynamic libraries:
0x00007ff6cd320000 - 0x00007ff6cd367000 	C:\Program Files\Java\jdk1.8.0_311\bin\java.exe
0x00007ffd2d6d0000 - 0x00007ffd2d8c5000 	C:\Windows\SYSTEM32\ntdll.dll
0x00007ffd2d5d0000 - 0x00007ffd2d68e000 	C:\Windows\System32\KERNEL32.DLL
0x00007ffd2b2e0000 - 0x00007ffd2b5a8000 	C:\Windows\System32\KERNELBASE.dll
0x00007ffd2b920000 - 0x00007ffd2b9ce000 	C:\Windows\System32\ADVAPI32.dll
0x00007ffd2baa0000 - 0x00007ffd2bb3e000 	C:\Windows\System32\msvcrt.dll
0x00007ffd2c3e0000 - 0x00007ffd2c47c000 	C:\Windows\System32\sechost.dll
0x00007ffd2bb40000 - 0x00007ffd2bc65000 	C:\Windows\System32\RPCRT4.dll
0x00007ffd2b770000 - 0x00007ffd2b911000 	C:\Windows\System32\USER32.dll
0x00007ffd2ae40000 - 0x00007ffd2ae62000 	C:\Windows\System32\win32u.dll
0x00007ffd2c9a0000 - 0x00007ffd2c9cb000 	C:\Windows\System32\GDI32.dll
0x00007ffd2b5b0000 - 0x00007ffd2b6bd000 	C:\Windows\System32\gdi32full.dll
0x00007ffd2af00000 - 0x00007ffd2af9d000 	C:\Windows\System32\msvcp_win.dll
0x00007ffd2afa0000 - 0x00007ffd2b0a0000 	C:\Windows\System32\ucrtbase.dll
0x00007ffd17380000 - 0x00007ffd1761a000 	C:\Windows\WinSxS\amd64_microsoft.windows.common-controls_6595b64144ccf1df_6.0.19041.1110_none_60b5254171f9507e\COMCTL32.dll
0x00007ffd2cf30000 - 0x00007ffd2cf60000 	C:\Windows\System32\IMM32.DLL
0x00007ffd232a0000 - 0x00007ffd232b5000 	C:\Program Files\Java\jdk1.8.0_311\jre\bin\vcruntime140.dll
0x00007ffd0eee0000 - 0x00007ffd0ef7b000 	C:\Program Files\Java\jdk1.8.0_311\jre\bin\msvcp140.dll
0x0000000077390000 - 0x0000000077bf0000 	C:\Program Files\Java\jdk1.8.0_311\jre\bin\server\jvm.dll
0x00007ffd2d010000 - 0x00007ffd2d018000 	C:\Windows\System32\PSAPI.DLL
0x00007ffd23390000 - 0x00007ffd23399000 	C:\Windows\SYSTEM32\WSOCK32.dll
0x00007ffd19320000 - 0x00007ffd19347000 	C:\Windows\SYSTEM32\WINMM.dll
0x00007ffd23180000 - 0x00007ffd2318a000 	C:\Windows\SYSTEM32\VERSION.dll
0x00007ffd2cda0000 - 0x00007ffd2ce0b000 	C:\Windows\System32\WS2_32.dll
0x00007ffd29620000 - 0x00007ffd29632000 	C:\Windows\SYSTEM32\kernel.appcore.dll
0x00007ffd25730000 - 0x00007ffd25740000 	C:\Program Files\Java\jdk1.8.0_311\jre\bin\verify.dll
0x00007ffd20b40000 - 0x00007ffd20b6b000 	C:\Program Files\Java\jdk1.8.0_311\jre\bin\java.dll
0x00007ffd15000000 - 0x00007ffd15030000 	C:\Program Files\Java\jdk1.8.0_311\jre\bin\instrument.dll
0x00007ffd20b20000 - 0x00007ffd20b38000 	C:\Program Files\Java\jdk1.8.0_311\jre\bin\zip.dll
0x00007ffd2bc70000 - 0x00007ffd2c3b4000 	C:\Windows\System32\SHELL32.dll
0x00007ffd28da0000 - 0x00007ffd29535000 	C:\Windows\SYSTEM32\windows.storage.dll
0x00007ffd2c9d0000 - 0x00007ffd2cd25000 	C:\Windows\System32\combase.dll
0x00007ffd2a680000 - 0x00007ffd2a6ae000 	C:\Windows\SYSTEM32\Wldp.dll
0x00007ffd2d3e0000 - 0x00007ffd2d48d000 	C:\Windows\System32\SHCORE.dll
0x00007ffd2cd40000 - 0x00007ffd2cd95000 	C:\Windows\System32\shlwapi.dll
0x00007ffd2ad20000 - 0x00007ffd2ad3f000 	C:\Windows\SYSTEM32\profapi.dll
0x00007ffd14fe0000 - 0x00007ffd14ffa000 	C:\Program Files\JetBrains\IntelliJ IDEA 2021.2.3\bin\breakgen64.dll
0x00007ffd14fc0000 - 0x00007ffd14fdc000 	C:\Program Files\Java\jdk1.8.0_311\jre\bin\net.dll
0x00007ffd2a460000 - 0x00007ffd2a4ca000 	C:\Windows\system32\mswsock.dll
0x000001f5e3f10000 - 0x000001f5e3f13000 	C:\Program Files\Java\jdk1.8.0_311\jre\bin\api-ms-win-core-console-l1-1-0.dll
0x000001f5e3f20000 - 0x000001f5e3f23000 	C:\Program Files\Java\jdk1.8.0_311\jre\bin\api-ms-win-core-console-l1-2-0.dll
0x000001f5e3f30000 - 0x000001f5e3f33000 	C:\Program Files\Java\jdk1.8.0_311\jre\bin\api-ms-win-core-datetime-l1-1-0.dll
0x000001f5e3f40000 - 0x000001f5e3f43000 	C:\Program Files\Java\jdk1.8.0_311\jre\bin\api-ms-win-core-debug-l1-1-0.dll
0x000001f5e3f50000 - 0x000001f5e3f53000 	C:\Program Files\Java\jdk1.8.0_311\jre\bin\api-ms-win-core-errorhandling-l1-1-0.dll
0x000001f5e3f60000 - 0x000001f5e3f64000 	C:\Program Files\Java\jdk1.8.0_311\jre\bin\api-ms-win-core-file-l1-1-0.dll
0x000001f5e3f70000 - 0x000001f5e3f73000 	C:\Program Files\Java\jdk1.8.0_311\jre\bin\api-ms-win-core-file-l1-2-0.dll
0x000001f5e3f80000 - 0x000001f5e3f83000 	C:\Program Files\Java\jdk1.8.0_311\jre\bin\api-ms-win-core-file-l2-1-0.dll
0x000001f5e3f90000 - 0x000001f5e3f93000 	C:\Program Files\Java\jdk1.8.0_311\jre\bin\api-ms-win-core-handle-l1-1-0.dll
0x000001f5e3fa0000 - 0x000001f5e3fa3000 	C:\Program Files\Java\jdk1.8.0_311\jre\bin\api-ms-win-core-heap-l1-1-0.dll
0x000001f5e3fb0000 - 0x000001f5e3fb3000 	C:\Program Files\Java\jdk1.8.0_311\jre\bin\api-ms-win-core-interlocked-l1-1-0.dll
0x000001f5e3fc0000 - 0x000001f5e3fc3000 	C:\Program Files\Java\jdk1.8.0_311\jre\bin\api-ms-win-core-libraryloader-l1-1-0.dll
0x000001f5e3fd0000 - 0x000001f5e3fd3000 	C:\Program Files\Java\jdk1.8.0_311\jre\bin\api-ms-win-core-localization-l1-2-0.dll
0x000001f5e3fe0000 - 0x000001f5e3fe3000 	C:\Program Files\Java\jdk1.8.0_311\jre\bin\api-ms-win-core-memory-l1-1-0.dll
0x000001f5e3ff0000 - 0x000001f5e3ff3000 	C:\Program Files\Java\jdk1.8.0_311\jre\bin\api-ms-win-core-namedpipe-l1-1-0.dll
0x000001f5e4000000 - 0x000001f5e4003000 	C:\Program Files\Java\jdk1.8.0_311\jre\bin\api-ms-win-core-processenvironment-l1-1-0.dll
0x000001f5e4010000 - 0x000001f5e4013000 	C:\Program Files\Java\jdk1.8.0_311\jre\bin\api-ms-win-core-processthreads-l1-1-0.dll
0x000001f5e4020000 - 0x000001f5e4023000 	C:\Program Files\Java\jdk1.8.0_311\jre\bin\api-ms-win-core-processthreads-l1-1-1.dll
0x000001f5e4030000 - 0x000001f5e4033000 	C:\Program Files\Java\jdk1.8.0_311\jre\bin\api-ms-win-core-profile-l1-1-0.dll
0x000001f5e4040000 - 0x000001f5e4043000 	C:\Program Files\Java\jdk1.8.0_311\jre\bin\api-ms-win-core-rtlsupport-l1-1-0.dll
0x000001f5e4050000 - 0x000001f5e4053000 	C:\Program Files\Java\jdk1.8.0_311\jre\bin\api-ms-win-core-string-l1-1-0.dll
0x000001f5e4060000 - 0x000001f5e4063000 	C:\Program Files\Java\jdk1.8.0_311\jre\bin\api-ms-win-core-synch-l1-1-0.dll
0x000001f5e4070000 - 0x000001f5e4073000 	C:\Program Files\Java\jdk1.8.0_311\jre\bin\api-ms-win-core-synch-l1-2-0.dll
0x000001f5e4080000 - 0x000001f5e4083000 	C:\Program Files\Java\jdk1.8.0_311\jre\bin\api-ms-win-core-sysinfo-l1-1-0.dll
0x000001f5e4090000 - 0x000001f5e4093000 	C:\Program Files\Java\jdk1.8.0_311\jre\bin\api-ms-win-core-timezone-l1-1-0.dll
0x000001f5e40a0000 - 0x000001f5e40a3000 	C:\Program Files\Java\jdk1.8.0_311\jre\bin\api-ms-win-core-util-l1-1-0.dll
0x000001f5e40b0000 - 0x000001f5e40b3000 	C:\Program Files\Java\jdk1.8.0_311\jre\bin\api-ms-win-crt-conio-l1-1-0.dll
0x000001f5e40c0000 - 0x000001f5e40c4000 	C:\Program Files\Java\jdk1.8.0_311\jre\bin\api-ms-win-crt-convert-l1-1-0.dll
0x000001f5e40d0000 - 0x000001f5e40d3000 	C:\Program Files\Java\jdk1.8.0_311\jre\bin\api-ms-win-crt-environment-l1-1-0.dll
0x000001f5e40e0000 - 0x000001f5e40e3000 	C:\Program Files\Java\jdk1.8.0_311\jre\bin\api-ms-win-crt-filesystem-l1-1-0.dll
0x000001f5e40f0000 - 0x000001f5e40f3000 	C:\Program Files\Java\jdk1.8.0_311\jre\bin\api-ms-win-crt-heap-l1-1-0.dll
0x000001f5e4100000 - 0x000001f5e4103000 	C:\Program Files\Java\jdk1.8.0_311\jre\bin\api-ms-win-crt-locale-l1-1-0.dll
0x000001f5e4110000 - 0x000001f5e4115000 	C:\Program Files\Java\jdk1.8.0_311\jre\bin\api-ms-win-crt-math-l1-1-0.dll
0x000001f5e4120000 - 0x000001f5e4125000 	C:\Program Files\Java\jdk1.8.0_311\jre\bin\api-ms-win-crt-multibyte-l1-1-0.dll
0x000001f5e4130000 - 0x000001f5e4140000 	C:\Program Files\Java\jdk1.8.0_311\jre\bin\api-ms-win-crt-private-l1-1-0.dll
0x000001f5e4140000 - 0x000001f5e4143000 	C:\Program Files\Java\jdk1.8.0_311\jre\bin\api-ms-win-crt-process-l1-1-0.dll
0x000001f5e4150000 - 0x000001f5e4154000 	C:\Program Files\Java\jdk1.8.0_311\jre\bin\api-ms-win-crt-runtime-l1-1-0.dll
0x000001f5e4160000 - 0x000001f5e4164000 	C:\Program Files\Java\jdk1.8.0_311\jre\bin\api-ms-win-crt-stdio-l1-1-0.dll
0x000001f5e4170000 - 0x000001f5e4174000 	C:\Program Files\Java\jdk1.8.0_311\jre\bin\api-ms-win-crt-string-l1-1-0.dll
0x000001f5e4180000 - 0x000001f5e4183000 	C:\Program Files\Java\jdk1.8.0_311\jre\bin\api-ms-win-crt-time-l1-1-0.dll
0x000001f5e4190000 - 0x000001f5e4193000 	C:\Program Files\Java\jdk1.8.0_311\jre\bin\api-ms-win-crt-utility-l1-1-0.dll
0x00007ffcfae60000 - 0x00007ffcfaf5a000 	C:\Program Files\Java\jdk1.8.0_311\jre\bin\ucrtbase.dll
0x00007ffd23350000 - 0x00007ffd2335c000 	C:\Program Files\Java\jdk1.8.0_311\jre\bin\vcruntime140_1.dll
0x00007ffd0ee90000 - 0x00007ffd0eeb3000 	C:\Program Files\Java\jdk1.8.0_311\jre\bin\prism_d3d.dll
0x00007ffcde470000 - 0x00007ffcde640000 	C:\Windows\system32\d3d9.dll
0x00007ffd288b0000 - 0x00007ffd288df000 	C:\Windows\SYSTEM32\dwmapi.dll
0x00007ffd286a0000 - 0x00007ffd2873e000 	C:\Windows\system32\uxtheme.dll
0x00007ffcde300000 - 0x00007ffcde463000 	C:\Windows\System32\DriverStore\FileRepository\iigd_dch.inf_amd64_e6610765cda2bce8\igdumdim64.dll
0x00007ffd2d2b0000 - 0x00007ffd2d3da000 	C:\Windows\System32\ole32.dll
0x00007ffcd6900000 - 0x00007ffcdb101000 	C:\Windows\System32\DriverStore\FileRepository\iigd_dch.inf_amd64_e6610765cda2bce8\igd9dxva64.dll
0x00007ffd2b9d0000 - 0x00007ffd2ba9d000 	C:\Windows\System32\OLEAUT32.dll
0x00007ffd2c480000 - 0x00007ffd2c8f2000 	C:\Windows\System32\SETUPAPI.dll
0x00007ffd2b6c0000 - 0x00007ffd2b70e000 	C:\Windows\System32\cfgmgr32.dll
0x00007ffd2b200000 - 0x00007ffd2b227000 	C:\Windows\System32\bcrypt.dll
0x00007ffd07a30000 - 0x00007ffd07cb2000 	C:\Windows\System32\DriverStore\FileRepository\iigd_dch.inf_amd64_e6610765cda2bce8\igdgmm64.dll
0x00007ffd0ee40000 - 0x00007ffd0ee82000 	C:\Program Files\Java\jdk1.8.0_311\jre\bin\glass.dll
0x00007ffd2d4f0000 - 0x00007ffd2d5ca000 	C:\Windows\System32\COMDLG32.dll
0x00007ffd2ce10000 - 0x00007ffd2cf25000 	C:\Windows\System32\MSCTF.dll
0x00007ffd2ae70000 - 0x00007ffd2aef2000 	C:\Windows\System32\bcryptPrimitives.dll
0x00007ffd16930000 - 0x00007ffd16957000 	C:\Windows\System32\DriverStore\FileRepository\iigd_dch.inf_amd64_e6610765cda2bce8\igdinfo64.dll
0x00007ffd04b10000 - 0x00007ffd07651000 	C:\Windows\System32\DriverStore\FileRepository\iigd_dch.inf_amd64_e6610765cda2bce8\igc64.dll
0x00007ffd0a9a0000 - 0x00007ffd0a9db000 	C:\Windows\SYSTEM32\dxcore.dll
0x00007ffd0ee20000 - 0x00007ffd0ee34000 	C:\Program Files\Java\jdk1.8.0_311\jre\bin\javafx_font.dll
0x00007ffd077a0000 - 0x00007ffd07a23000 	C:\Windows\SYSTEM32\dwrite.dll
0x00007ffc98f30000 - 0x00007ffc9cdeb000 	C:\Program Files\Java\jdk1.8.0_311\jre\bin\jfxwebkit.dll
0x00007ffd2a6c0000 - 0x00007ffd2a6d8000 	C:\Windows\SYSTEM32\CRYPTSP.dll
0x00007ffd29e00000 - 0x00007ffd29e34000 	C:\Windows\system32\rsaenh.dll
0x00007ffd2a5f0000 - 0x00007ffd2a5fc000 	C:\Windows\SYSTEM32\CRYPTBASE.dll
0x00007ffd0eec0000 - 0x00007ffd0eed3000 	C:\Program Files\Java\jdk1.8.0_311\jre\bin\nio.dll
0x00007ffd2cf60000 - 0x00007ffd2d009000 	C:\Windows\System32\clbcatq.dll
0x00007ffd0f8b0000 - 0x00007ffd0fa64000 	C:\Windows\SYSTEM32\WindowsCodecs.dll
0x00007ffd15540000 - 0x00007ffd1557e000 	C:\Windows\system32\dataexchange.dll
0x00007ffd26be0000 - 0x00007ffd26e44000 	C:\Windows\system32\d3d11.dll
0x00007ffd279d0000 - 0x00007ffd27bb5000 	C:\Windows\system32\dcomp.dll
0x00007ffd297b0000 - 0x00007ffd298a4000 	C:\Windows\system32\dxgi.dll
0x00007ffd23a20000 - 0x00007ffd23c21000 	C:\Windows\system32\twinapi.appcore.dll
0x00007ffcf1ca0000 - 0x00007ffcf1cd4000 	C:\Program Files\Common Files\Microsoft Shared\Ink\rtscom.dll
0x00007ffd16820000 - 0x00007ffd16919000 	C:\Windows\SYSTEM32\textinputframework.dll
0x00007ffd27f40000 - 0x00007ffd2829e000 	C:\Windows\System32\CoreUIComponents.dll
0x00007ffd282b0000 - 0x00007ffd283a2000 	C:\Windows\System32\CoreMessaging.dll
0x00007ffd29b50000 - 0x00007ffd29b83000 	C:\Windows\SYSTEM32\ntmarta.dll
0x00007ffd27870000 - 0x00007ffd279c4000 	C:\Windows\SYSTEM32\wintypes.dll
0x00007ffd0ee00000 - 0x00007ffd0ee12000 	C:\Program Files\Java\jdk1.8.0_311\jre\bin\prism_common.dll
0x00007ffcfc730000 - 0x00007ffcfc754000 	C:\Program Files\Java\jdk1.8.0_311\jre\bin\sunec.dll
0x00007ffd26e50000 - 0x00007ffd27410000 	C:\Windows\SYSTEM32\d2d1.dll
0x00007ffd0abc0000 - 0x00007ffd0b2b6000 	C:\Windows\SYSTEM32\D3D10Warp.dll
0x00007ffd2a170000 - 0x00007ffd2a1ab000 	C:\Windows\SYSTEM32\IPHLPAPI.DLL
0x00007ffd2c900000 - 0x00007ffd2c908000 	C:\Windows\System32\NSI.dll
0x00007ffd25b10000 - 0x00007ffd25b27000 	C:\Windows\SYSTEM32\dhcpcsvc6.DLL

VM Arguments:
jvm_args: -javaagent:C:\Program Files\JetBrains\IntelliJ IDEA 2021.2.3\lib\idea_rt.jar=52124:C:\Program Files\JetBrains\IntelliJ IDEA 2021.2.3\bin -Dfile.encoding=UTF-8 
java_command: cz.vse.si.predikceobleceni.model.gui.GUIMain
java_class_path (initial): C:\Program Files\Java\jdk1.8.0_311\jre\lib\charsets.jar;C:\Program Files\Java\jdk1.8.0_311\jre\lib\deploy.jar;C:\Program Files\Java\jdk1.8.0_311\jre\lib\ext\access-bridge-64.jar;C:\Program Files\Java\jdk1.8.0_311\jre\lib\ext\cldrdata.jar;C:\Program Files\Java\jdk1.8.0_311\jre\lib\ext\dnsns.jar;C:\Program Files\Java\jdk1.8.0_311\jre\lib\ext\jaccess.jar;C:\Program Files\Java\jdk1.8.0_311\jre\lib\ext\jfxrt.jar;C:\Program Files\Java\jdk1.8.0_311\jre\lib\ext\localedata.jar;C:\Program Files\Java\jdk1.8.0_311\jre\lib\ext\nashorn.jar;C:\Program Files\Java\jdk1.8.0_311\jre\lib\ext\sunec.jar;C:\Program Files\Java\jdk1.8.0_311\jre\lib\ext\sunjce_provider.jar;C:\Program Files\Java\jdk1.8.0_311\jre\lib\ext\sunmscapi.jar;C:\Program Files\Java\jdk1.8.0_311\jre\lib\ext\sunpkcs11.jar;C:\Program Files\Java\jdk1.8.0_311\jre\lib\ext\zipfs.jar;C:\Program Files\Java\jdk1.8.0_311\jre\lib\javaws.jar;C:\Program Files\Java\jdk1.8.0_311\jre\lib\jce.jar;C:\Program Files\Java\jdk1.8.0_311\jre\lib\jfr.jar;C:\Program Files\Java\jdk1.8.0_311\jre\lib\jfxswt.jar;C:\Program Files\Java\jdk1.8.0_311\jre\lib\jsse.jar;C:\Program Files\Java\jdk1.8.0_311\jre\lib\management-agent.jar;C:\Program Files\Java\jdk1.8.0_311\jre\lib\plugin.jar;C:\Program Files\Java\jdk1.8.0_311\jre\lib\resources.jar;C:\Program Files\Java\jdk1.8.0_311\jre\lib\rt.jar;C:\Users\Dell\Desktop\predikceoblecenidlepocasi\target\classes;C:\Users\Dell\.m2\repository\com\google\code\gson\gson\2.8.9\gson-2.8.9.jar;C:\Users\Dell\.m2\repository\org\openjfx\javafx-controls\17.0.0.1\javafx-controls-17.0.0.1.jar;C:\Users\Dell\.m2\repository\org\openjfx\javafx-controls\17.0.0.1\javafx-controls-17.0.0.1-win.jar;C:\Users\Dell\.m2\repository\org\openjfx\javafx-graphics\17.0.0.1\javafx-graphics-17.0.0.1.jar;C:\Users\Dell\.m2\repository\org\openjfx\javafx-graphics\17.0.0.1\javafx-graphics-17.0.0.1-win.jar;C:\Users\Dell\.m2\repository\org\openjfx\javafx-base\17.0.0.1\javafx-base-17.0.0.1.jar;C:\Users\Dell\.m2\repository\org\op
Launcher Type: SUN_STANDARD

Environment Variables:
PATH=C:\Python310\Scripts\;C:\Python310\;C:\Program Files\Common Files\Oracle\Java\javapath;C:\Program Files (x86)\Common Files\Oracle\Java\javapath;C:\Windows\system32;C:\Windows;C:\Windows\System32\Wbem;C:\Windows\System32\WindowsPowerShell\v1.0\;C:\Windows\System32\OpenSSH\;C:\Program Files\Java\jdk-17.0.1\bin;C:\Program Files\Git\cmd;C:\ProgramData\chocolatey\bin;C:\Program Files\nodejs\;C:\Program Files\Docker\Docker\resources\bin;C:\ProgramData\DockerDesktop\version-bin;C:\Program Files\MySQL\MySQL Shell 8.0\bin\;C:\Users\Dell\AppData\Local\Microsoft\WindowsApps;;C:\Program Files\JetBrains\IntelliJ IDEA 2021.2.3\bin;;C:\Users\Dell\AppData\Local\Programs\Microsoft VS Code\bin;C:\Users\Dell\AppData\Roaming\npm
USERNAME=Dell
OS=Windows_NT
PROCESSOR_IDENTIFIER=Intel64 Family 6 Model 158 Stepping 13, GenuineIntel



---------------  S Y S T E M  ---------------

OS: Windows 10.0 , 64 bit Build 19041 (10.0.19041.1466)

CPU:total 12 (initial active 12) (6 cores per cpu, 2 threads per core) family 6 model 158 stepping 13, cmov, cx8, fxsr, mmx, sse, sse2, sse3, ssse3, sse4.1, sse4.2, popcnt, avx, avx2, aes, clmul, erms, 3dnowpref, lzcnt, ht, tsc, tscinvbit, bmi1, bmi2, adx

Memory: 4k page, physical 33331364k(16774916k free), swap 38312100k(16127980k free)

vm_info: Java HotSpot(TM) 64-Bit Server VM (25.311-b11) for windows-amd64 JRE (1.8.0_311-b11), built on Sep 27 2021 05:15:14 by "java_re" with MS VC++ 15.9 (VS2017)

time: Wed Jan 19 10:42:31 2022
timezone: Støední Evropa (bìžný èas)
elapsed time: 215.208246 seconds (0d 0h 3m 35s)

